{"/Users/mac/codes/devpitch/node/getir/src/config.js": {"path":"/Users/mac/codes/devpitch/node/getir/src/config.js","statementMap":{"0":{"start":{"line":1,"column":16},"end":{"line":1,"column":34}},"1":{"start":{"line":2,"column":17},"end":{"line":2,"column":36}},"2":{"start":{"line":3,"column":15},"end":{"line":3,"column":34}},"3":{"start":{"line":4,"column":0},"end":{"line":4,"column":65}},"4":{"start":{"line":6,"column":12},"end":{"line":6,"column":21}},"5":{"start":{"line":7,"column":13},"end":{"line":7,"column":37}},"6":{"start":{"line":8,"column":11},"end":{"line":8,"column":31}},"7":{"start":{"line":10,"column":0},"end":{"line":29,"column":1}},"8":{"start":{"line":11,"column":2},"end":{"line":11,"column":50}},"9":{"start":{"line":12,"column":2},"end":{"line":12,"column":26}},"10":{"start":{"line":14,"column":2},"end":{"line":21,"column":58}},"11":{"start":{"line":21,"column":16},"end":{"line":21,"column":56}},"12":{"start":{"line":24,"column":2},"end":{"line":27,"column":4}},"13":{"start":{"line":28,"column":2},"end":{"line":28,"column":18}},"14":{"start":{"line":32,"column":0},"end":{"line":32,"column":20}},"15":{"start":{"line":34,"column":0},"end":{"line":34,"column":33}}},"fnMap":{"0":{"name":"(anonymous_0)","decl":{"start":{"line":21,"column":10},"end":{"line":21,"column":11}},"loc":{"start":{"line":21,"column":16},"end":{"line":21,"column":56}},"line":21}},"branchMap":{"0":{"loc":{"start":{"line":7,"column":13},"end":{"line":7,"column":37}},"type":"binary-expr","locations":[{"start":{"line":7,"column":13},"end":{"line":7,"column":29}},{"start":{"line":7,"column":33},"end":{"line":7,"column":37}}],"line":7}},"s":{"0":1,"1":1,"2":1,"3":1,"4":1,"5":1,"6":1,"7":1,"8":1,"9":1,"10":1,"11":1,"12":0,"13":0,"14":1,"15":1},"f":{"0":1},"b":{"0":[1,0]},"_coverageSchema":"1a1c01bbd47fc00a2c39e90264f33305004495a9","hash":"a925bdcab50cd820a4f485bd1be459122735e152"}
,"/Users/mac/codes/devpitch/node/getir/src/router.js": {"path":"/Users/mac/codes/devpitch/node/getir/src/router.js","statementMap":{"0":{"start":{"line":1,"column":15},"end":{"line":1,"column":42}},"1":{"start":{"line":2,"column":18},"end":{"line":2,"column":51}},"2":{"start":{"line":3,"column":20},"end":{"line":3,"column":61}},"3":{"start":{"line":8,"column":0},"end":{"line":13,"column":2}},"4":{"start":{"line":9,"column":2},"end":{"line":12,"column":4}},"5":{"start":{"line":19,"column":0},"end":{"line":21,"column":2}},"6":{"start":{"line":20,"column":2},"end":{"line":20,"column":31}},"7":{"start":{"line":27,"column":0},"end":{"line":33,"column":2}},"8":{"start":{"line":28,"column":2},"end":{"line":32,"column":4}},"9":{"start":{"line":36,"column":0},"end":{"line":36,"column":24}}},"fnMap":{"0":{"name":"(anonymous_0)","decl":{"start":{"line":8,"column":16},"end":{"line":8,"column":17}},"loc":{"start":{"line":9,"column":2},"end":{"line":12,"column":4}},"line":9},"1":{"name":"(anonymous_1)","decl":{"start":{"line":19,"column":57},"end":{"line":19,"column":58}},"loc":{"start":{"line":20,"column":2},"end":{"line":20,"column":31}},"line":20},"2":{"name":"(anonymous_2)","decl":{"start":{"line":27,"column":16},"end":{"line":27,"column":17}},"loc":{"start":{"line":28,"column":2},"end":{"line":32,"column":4}},"line":28}},"branchMap":{},"s":{"0":1,"1":1,"2":1,"3":1,"4":1,"5":1,"6":1,"7":1,"8":1,"9":1},"f":{"0":1,"1":1,"2":1},"b":{},"_coverageSchema":"1a1c01bbd47fc00a2c39e90264f33305004495a9","hash":"150fe5de0912255b0744112738b0fdbaf7808c66"}
,"/Users/mac/codes/devpitch/node/getir/src/controllers/recordController.js": {"path":"/Users/mac/codes/devpitch/node/getir/src/controllers/recordController.js","statementMap":{"0":{"start":{"line":5,"column":15},"end":{"line":5,"column":42}},"1":{"start":{"line":13,"column":0},"end":{"line":64,"column":2}},"2":{"start":{"line":14,"column":33},"end":{"line":14,"column":41}},"3":{"start":{"line":15,"column":20},"end":{"line":15,"column":48}},"4":{"start":{"line":16,"column":18},"end":{"line":16,"column":44}},"5":{"start":{"line":18,"column":2},"end":{"line":63,"column":3}},"6":{"start":{"line":19,"column":16},"end":{"line":49,"column":6}},"7":{"start":{"line":51,"column":4},"end":{"line":55,"column":7}},"8":{"start":{"line":57,"column":4},"end":{"line":57,"column":42}},"9":{"start":{"line":58,"column":4},"end":{"line":62,"column":7}}},"fnMap":{"0":{"name":"(anonymous_0)","decl":{"start":{"line":13,"column":25},"end":{"line":13,"column":26}},"loc":{"start":{"line":13,"column":45},"end":{"line":64,"column":1}},"line":13}},"branchMap":{},"s":{"0":1,"1":1,"2":1,"3":1,"4":1,"5":1,"6":1,"7":1,"8":0,"9":0},"f":{"0":1},"b":{},"_coverageSchema":"1a1c01bbd47fc00a2c39e90264f33305004495a9","hash":"e9ce472f59ee73f6177d7778cb9a62462fb25dbd"}
,"/Users/mac/codes/devpitch/node/getir/src/middleware/validator.js": {"path":"/Users/mac/codes/devpitch/node/getir/src/middleware/validator.js","statementMap":{"0":{"start":{"line":1,"column":12},"end":{"line":1,"column":26}},"1":{"start":{"line":3,"column":20},"end":{"line":8,"column":2}},"2":{"start":{"line":10,"column":0},"end":{"line":20,"column":2}},"3":{"start":{"line":10,"column":43},"end":{"line":20,"column":1}},"4":{"start":{"line":11,"column":20},"end":{"line":11,"column":50}},"5":{"start":{"line":12,"column":2},"end":{"line":18,"column":3}},"6":{"start":{"line":13,"column":4},"end":{"line":17,"column":7}},"7":{"start":{"line":19,"column":2},"end":{"line":19,"column":9}}},"fnMap":{"0":{"name":"(anonymous_0)","decl":{"start":{"line":10,"column":37},"end":{"line":10,"column":38}},"loc":{"start":{"line":10,"column":43},"end":{"line":20,"column":1}},"line":10},"1":{"name":"(anonymous_1)","decl":{"start":{"line":10,"column":43},"end":{"line":10,"column":44}},"loc":{"start":{"line":10,"column":63},"end":{"line":20,"column":1}},"line":10}},"branchMap":{"0":{"loc":{"start":{"line":12,"column":2},"end":{"line":18,"column":3}},"type":"if","locations":[{"start":{"line":12,"column":2},"end":{"line":18,"column":3}},{"start":{"line":12,"column":2},"end":{"line":18,"column":3}}],"line":12}},"s":{"0":1,"1":1,"2":1,"3":1,"4":1,"5":1,"6":0,"7":1},"f":{"0":1,"1":1},"b":{"0":[0,1]},"_coverageSchema":"1a1c01bbd47fc00a2c39e90264f33305004495a9","hash":"a51accb76424c83fe6ecbee00cddc11d90518332"}
,"/Users/mac/codes/devpitch/node/getir/src/models/Record.js": {"path":"/Users/mac/codes/devpitch/node/getir/src/models/Record.js","statementMap":{"0":{"start":{"line":1,"column":17},"end":{"line":1,"column":36}},"1":{"start":{"line":3,"column":22},"end":{"line":28,"column":1}},"2":{"start":{"line":30,"column":0},"end":{"line":30,"column":58}}},"fnMap":{},"branchMap":{},"s":{"0":2,"1":2,"2":2},"f":{},"b":{},"_coverageSchema":"1a1c01bbd47fc00a2c39e90264f33305004495a9","hash":"2df70939199928531afffbc74b53ea5041568f49"}
}
