TN:
SF:src/config.js
FN:21,(anonymous_0)
FNF:1
FNH:1
FNDA:1,(anonymous_0)
DA:1,1
DA:2,1
DA:3,1
DA:4,1
DA:6,1
DA:7,1
DA:8,1
DA:10,1
DA:11,1
DA:12,1
DA:14,1
DA:21,1
DA:24,0
DA:28,0
DA:32,1
DA:34,1
LF:16
LH:14
BRDA:7,0,0,1
BRDA:7,0,1,0
BRF:2
BRH:1
end_of_record
TN:
SF:src/router.js
FN:8,(anonymous_0)
FN:19,(anonymous_1)
FN:27,(anonymous_2)
FNF:3
FNH:3
FNDA:1,(anonymous_0)
FNDA:1,(anonymous_1)
FNDA:1,(anonymous_2)
DA:1,1
DA:2,1
DA:3,1
DA:8,1
DA:9,1
DA:19,1
DA:20,1
DA:27,1
DA:28,1
DA:36,1
LF:10
LH:10
BRF:0
BRH:0
end_of_record
TN:
SF:src/controllers/recordController.js
FN:13,(anonymous_0)
FNF:1
FNH:1
FNDA:1,(anonymous_0)
DA:5,1
DA:13,1
DA:14,1
DA:15,1
DA:16,1
DA:18,1
DA:19,1
DA:51,1
DA:57,0
DA:58,0
LF:10
LH:8
BRF:0
BRH:0
end_of_record
TN:
SF:src/middleware/validator.js
FN:10,(anonymous_0)
FN:10,(anonymous_1)
FNF:2
FNH:2
FNDA:1,(anonymous_0)
FNDA:1,(anonymous_1)
DA:1,1
DA:3,1
DA:10,1
DA:11,1
DA:12,1
DA:13,0
DA:19,1
LF:7
LH:6
BRDA:12,0,0,0
BRDA:12,0,1,1
BRF:2
BRH:1
end_of_record
TN:
SF:src/models/Record.js
FNF:0
FNH:0
DA:1,2
DA:3,2
DA:30,2
LF:3
LH:3
BRF:0
BRH:0
end_of_record
